
build/gpio.elf:     file format elf32-littleriscv


Disassembly of section .text:

00000000 <_start_boot>:
   0:	01800117          	auipc	sp,0x1800
   4:	00010113          	mv	sp,sp
   8:	3e800293          	li	t0,1000
   c:	01000317          	auipc	t1,0x1000
  10:	ff430313          	addi	t1,t1,-12 # 1000000 <completed.1>
  14:	01000397          	auipc	t2,0x1000
  18:	fec38393          	addi	t2,t2,-20 # 1000000 <completed.1>
  1c:	00737963          	bgeu	t1,t2,2e <_start_boot+0x2e>
  20:	0002a403          	lw	s0,0(t0)
  24:	00832023          	sw	s0,0(t1)
  28:	0291                	addi	t0,t0,4
  2a:	0311                	addi	t1,t1,4
  2c:	bfc5                	j	1c <_start_boot+0x1c>
  2e:	a009                	j	30 <_start>

00000030 <_start>:
  30:	01000197          	auipc	gp,0x1000
  34:	7d018193          	addi	gp,gp,2000 # 1000800 <__global_pointer$>
  38:	00000513          	li	a0,0
  3c:	c119                	beqz	a0,42 <_start+0x12>
  3e:	01751073          	csrw	jvt,a0
  42:	01000517          	auipc	a0,0x1000
  46:	fbe50513          	addi	a0,a0,-66 # 1000000 <completed.1>
  4a:	01000617          	auipc	a2,0x1000
  4e:	16a60613          	addi	a2,a2,362 # 10001b4 <__bss_end>
  52:	8e09                	sub	a2,a2,a0
  54:	4581                	li	a1,0
  56:	2895                	jal	ca <memset>
  58:	00000517          	auipc	a0,0x0
  5c:	2de50513          	addi	a0,a0,734 # 336 <atexit>
  60:	c511                	beqz	a0,6c <_start+0x3c>
  62:	00000517          	auipc	a0,0x0
  66:	2de50513          	addi	a0,a0,734 # 340 <__libc_fini_array>
  6a:	24f1                	jal	336 <atexit>
  6c:	2abd                	jal	1ea <__libc_init_array>
  6e:	4502                	lw	a0,0(sp)
  70:	004c                	addi	a1,sp,4
  72:	00251613          	slli	a2,a0,0x2
  76:	0611                	addi	a2,a2,4
  78:	962e                	add	a2,a2,a1
  7a:	28e5                	jal	172 <main>
  7c:	aa99                	j	1d2 <exit>

0000007e <__do_global_dtors_aux>:
  7e:	1141                	addi	sp,sp,-16 # 17ffff0 <__heap_limit+0xff0>
  80:	c422                	sw	s0,8(sp)
  82:	01000437          	lui	s0,0x1000
  86:	00044783          	lbu	a5,0(s0) # 1000000 <completed.1>
  8a:	c606                	sw	ra,12(sp)
  8c:	ef89                	bnez	a5,a6 <__do_global_dtors_aux+0x28>
  8e:	00000793          	li	a5,0
  92:	c799                	beqz	a5,a0 <__do_global_dtors_aux+0x22>
  94:	3dc00513          	li	a0,988
  98:	00000097          	auipc	ra,0x0
  9c:	000000e7          	jalr	zero # 0 <_start_boot>
  a0:	4785                	li	a5,1
  a2:	00f40023          	sb	a5,0(s0)
  a6:	40b2                	lw	ra,12(sp)
  a8:	4422                	lw	s0,8(sp)
  aa:	0141                	addi	sp,sp,16
  ac:	8082                	ret

000000ae <frame_dummy>:
  ae:	00000793          	li	a5,0
  b2:	cb99                	beqz	a5,c8 <frame_dummy+0x1a>
  b4:	010005b7          	lui	a1,0x1000
  b8:	00458593          	addi	a1,a1,4 # 1000004 <object.0>
  bc:	3dc00513          	li	a0,988
  c0:	00000317          	auipc	t1,0x0
  c4:	00000067          	jr	zero # 0 <_start_boot>
  c8:	8082                	ret

000000ca <memset>:
  ca:	433d                	li	t1,15
  cc:	872a                	mv	a4,a0
  ce:	02c37363          	bgeu	t1,a2,f4 <memset+0x2a>
  d2:	00f77793          	andi	a5,a4,15
  d6:	efbd                	bnez	a5,154 <memset+0x8a>
  d8:	e5ad                	bnez	a1,142 <memset+0x78>
  da:	ff067693          	andi	a3,a2,-16
  de:	8a3d                	andi	a2,a2,15
  e0:	96ba                	add	a3,a3,a4
  e2:	c30c                	sw	a1,0(a4)
  e4:	c34c                	sw	a1,4(a4)
  e6:	c70c                	sw	a1,8(a4)
  e8:	c74c                	sw	a1,12(a4)
  ea:	0741                	addi	a4,a4,16
  ec:	fed76be3          	bltu	a4,a3,e2 <memset+0x18>
  f0:	e211                	bnez	a2,f4 <memset+0x2a>
  f2:	8082                	ret
  f4:	40c306b3          	sub	a3,t1,a2
  f8:	068a                	slli	a3,a3,0x2
  fa:	00000297          	auipc	t0,0x0
  fe:	9696                	add	a3,a3,t0
 100:	00a68067          	jr	10(a3)
 104:	00b70723          	sb	a1,14(a4)
 108:	00b706a3          	sb	a1,13(a4)
 10c:	00b70623          	sb	a1,12(a4)
 110:	00b705a3          	sb	a1,11(a4)
 114:	00b70523          	sb	a1,10(a4)
 118:	00b704a3          	sb	a1,9(a4)
 11c:	00b70423          	sb	a1,8(a4)
 120:	00b703a3          	sb	a1,7(a4)
 124:	00b70323          	sb	a1,6(a4)
 128:	00b702a3          	sb	a1,5(a4)
 12c:	00b70223          	sb	a1,4(a4)
 130:	00b701a3          	sb	a1,3(a4)
 134:	00b70123          	sb	a1,2(a4)
 138:	00b700a3          	sb	a1,1(a4)
 13c:	00b70023          	sb	a1,0(a4)
 140:	8082                	ret
 142:	0ff5f593          	zext.b	a1,a1
 146:	00859693          	slli	a3,a1,0x8
 14a:	8dd5                	or	a1,a1,a3
 14c:	01059693          	slli	a3,a1,0x10
 150:	8dd5                	or	a1,a1,a3
 152:	b761                	j	da <memset+0x10>
 154:	00279693          	slli	a3,a5,0x2
 158:	00000297          	auipc	t0,0x0
 15c:	9696                	add	a3,a3,t0
 15e:	8286                	mv	t0,ra
 160:	fa8680e7          	jalr	-88(a3)
 164:	8096                	mv	ra,t0
 166:	17c1                	addi	a5,a5,-16
 168:	8f1d                	sub	a4,a4,a5
 16a:	963e                	add	a2,a2,a5
 16c:	f8c374e3          	bgeu	t1,a2,f4 <memset+0x2a>
 170:	b7a5                	j	d8 <memset+0xe>

00000172 <main>:
 172:	1101                	addi	sp,sp,-32
 174:	0ff00513          	li	a0,255
 178:	ce06                	sw	ra,28(sp)
 17a:	cc22                	sw	s0,24(sp)
 17c:	201d                	jal	1a2 <gpio_set_direction_mask>
 17e:	4501                	li	a0,0
 180:	6461                	lui	s0,0x18
 182:	2099                	jal	1c8 <gpio_write>
 184:	69f40413          	addi	s0,s0,1695 # 1869f <__data_load_start+0x182b7>
 188:	c602                	sw	zero,12(sp)
 18a:	47b2                	lw	a5,12(sp)
 18c:	00f44863          	blt	s0,a5,19c <main+0x2a>
 190:	47b2                	lw	a5,12(sp)
 192:	0785                	addi	a5,a5,1
 194:	c63e                	sw	a5,12(sp)
 196:	47b2                	lw	a5,12(sp)
 198:	fef45ce3          	bge	s0,a5,190 <main+0x1e>
 19c:	4501                	li	a0,0
 19e:	2031                	jal	1aa <gpio_toggle_pin>
 1a0:	b7e5                	j	188 <main+0x16>

000001a2 <gpio_set_direction_mask>:
 1a2:	400017b7          	lui	a5,0x40001
 1a6:	c388                	sw	a0,0(a5)
 1a8:	8082                	ret

000001aa <gpio_toggle_pin>:
 1aa:	4799                	li	a5,6
 1ac:	00a7ec63          	bltu	a5,a0,1c4 <gpio_toggle_pin+0x1a>
 1b0:	40001737          	lui	a4,0x40001
 1b4:	4354                	lw	a3,4(a4)
 1b6:	4785                	li	a5,1
 1b8:	00a797b3          	sll	a5,a5,a0
 1bc:	8fb5                	xor	a5,a5,a3
 1be:	c35c                	sw	a5,4(a4)
 1c0:	4501                	li	a0,0
 1c2:	8082                	ret
 1c4:	557d                	li	a0,-1
 1c6:	8082                	ret

000001c8 <gpio_write>:
 1c8:	400017b7          	lui	a5,0x40001
 1cc:	c3c8                	sw	a0,4(a5)
 1ce:	8082                	ret

000001d0 <_exit>:
 1d0:	a001                	j	1d0 <_exit>

000001d2 <exit>:
 1d2:	1141                	addi	sp,sp,-16
 1d4:	4581                	li	a1,0
 1d6:	c422                	sw	s0,8(sp)
 1d8:	c606                	sw	ra,12(sp)
 1da:	842a                	mv	s0,a0
 1dc:	289d                	jal	252 <__call_exitprocs>
 1de:	9ac1a783          	lw	a5,-1620(gp) # 10001ac <__stdio_exit_handler>
 1e2:	c391                	beqz	a5,1e6 <exit+0x14>
 1e4:	9782                	jalr	a5
 1e6:	8522                	mv	a0,s0
 1e8:	37e5                	jal	1d0 <_exit>

000001ea <__libc_init_array>:
 1ea:	1141                	addi	sp,sp,-16
 1ec:	c422                	sw	s0,8(sp)
 1ee:	c04a                	sw	s2,0(sp)
 1f0:	c606                	sw	ra,12(sp)
 1f2:	c226                	sw	s1,4(sp)
 1f4:	00000913          	li	s2,0
 1f8:	00000413          	li	s0,0
 1fc:	00890d63          	beq	s2,s0,216 <__libc_init_array+0x2c>
 200:	40890933          	sub	s2,s2,s0
 204:	40295913          	srai	s2,s2,0x2
 208:	4481                	li	s1,0
 20a:	401c                	lw	a5,0(s0)
 20c:	0485                	addi	s1,s1,1
 20e:	0411                	addi	s0,s0,4
 210:	9782                	jalr	a5
 212:	ff24ece3          	bltu	s1,s2,20a <__libc_init_array+0x20>
 216:	00000913          	li	s2,0
 21a:	00000413          	li	s0,0
 21e:	00890d63          	beq	s2,s0,238 <__libc_init_array+0x4e>
 222:	40890933          	sub	s2,s2,s0
 226:	40295913          	srai	s2,s2,0x2
 22a:	4481                	li	s1,0
 22c:	401c                	lw	a5,0(s0)
 22e:	0485                	addi	s1,s1,1
 230:	0411                	addi	s0,s0,4
 232:	9782                	jalr	a5
 234:	ff24ece3          	bltu	s1,s2,22c <__libc_init_array+0x42>
 238:	40b2                	lw	ra,12(sp)
 23a:	4422                	lw	s0,8(sp)
 23c:	4492                	lw	s1,4(sp)
 23e:	4902                	lw	s2,0(sp)
 240:	0141                	addi	sp,sp,16
 242:	8082                	ret

00000244 <register_fini>:
 244:	00000793          	li	a5,0
 248:	c781                	beqz	a5,250 <register_fini+0xc>
 24a:	34000513          	li	a0,832
 24e:	a0e5                	j	336 <atexit>
 250:	8082                	ret

00000252 <__call_exitprocs>:
 252:	7179                	addi	sp,sp,-48
 254:	cc52                	sw	s4,24(sp)
 256:	d04a                	sw	s2,32(sp)
 258:	9b01a903          	lw	s2,-1616(gp) # 10001b0 <__atexit>
 25c:	d606                	sw	ra,44(sp)
 25e:	06090c63          	beqz	s2,2d6 <__call_exitprocs+0x84>
 262:	ce4e                	sw	s3,28(sp)
 264:	ca56                	sw	s5,20(sp)
 266:	c85a                	sw	s6,16(sp)
 268:	c65e                	sw	s7,12(sp)
 26a:	d422                	sw	s0,40(sp)
 26c:	d226                	sw	s1,36(sp)
 26e:	c462                	sw	s8,8(sp)
 270:	8b2a                	mv	s6,a0
 272:	8bae                	mv	s7,a1
 274:	59fd                	li	s3,-1
 276:	4a85                	li	s5,1
 278:	00492483          	lw	s1,4(s2)
 27c:	fff48413          	addi	s0,s1,-1
 280:	04044463          	bltz	s0,2c8 <__call_exitprocs+0x76>
 284:	048a                	slli	s1,s1,0x2
 286:	94ca                	add	s1,s1,s2
 288:	040b9c63          	bnez	s7,2e0 <__call_exitprocs+0x8e>
 28c:	00492783          	lw	a5,4(s2)
 290:	40d4                	lw	a3,4(s1)
 292:	17fd                	addi	a5,a5,-1 # 40000fff <__stack_top+0x3e800fff>
 294:	08878863          	beq	a5,s0,324 <__call_exitprocs+0xd2>
 298:	0004a223          	sw	zero,4(s1)
 29c:	c295                	beqz	a3,2c0 <__call_exitprocs+0x6e>
 29e:	18892783          	lw	a5,392(s2)
 2a2:	008a9733          	sll	a4,s5,s0
 2a6:	00492c03          	lw	s8,4(s2)
 2aa:	8ff9                	and	a5,a5,a4
 2ac:	ebb9                	bnez	a5,302 <__call_exitprocs+0xb0>
 2ae:	9682                	jalr	a3
 2b0:	00492703          	lw	a4,4(s2)
 2b4:	9b01a783          	lw	a5,-1616(gp) # 10001b0 <__atexit>
 2b8:	07871363          	bne	a4,s8,31e <__call_exitprocs+0xcc>
 2bc:	07279163          	bne	a5,s2,31e <__call_exitprocs+0xcc>
 2c0:	147d                	addi	s0,s0,-1
 2c2:	14f1                	addi	s1,s1,-4
 2c4:	fd3412e3          	bne	s0,s3,288 <__call_exitprocs+0x36>
 2c8:	5422                	lw	s0,40(sp)
 2ca:	5492                	lw	s1,36(sp)
 2cc:	49f2                	lw	s3,28(sp)
 2ce:	4ad2                	lw	s5,20(sp)
 2d0:	4b42                	lw	s6,16(sp)
 2d2:	4bb2                	lw	s7,12(sp)
 2d4:	4c22                	lw	s8,8(sp)
 2d6:	50b2                	lw	ra,44(sp)
 2d8:	5902                	lw	s2,32(sp)
 2da:	4a62                	lw	s4,24(sp)
 2dc:	6145                	addi	sp,sp,48
 2de:	8082                	ret
 2e0:	1044a783          	lw	a5,260(s1)
 2e4:	fff40713          	addi	a4,s0,-1
 2e8:	fafb82e3          	beq	s7,a5,28c <__call_exitprocs+0x3a>
 2ec:	1479                	addi	s0,s0,-2
 2ee:	fd370de3          	beq	a4,s3,2c8 <__call_exitprocs+0x76>
 2f2:	1004a783          	lw	a5,256(s1)
 2f6:	03778a63          	beq	a5,s7,32a <__call_exitprocs+0xd8>
 2fa:	14e1                	addi	s1,s1,-8
 2fc:	ff3412e3          	bne	s0,s3,2e0 <__call_exitprocs+0x8e>
 300:	b7e1                	j	2c8 <__call_exitprocs+0x76>
 302:	18c92783          	lw	a5,396(s2)
 306:	0844a583          	lw	a1,132(s1)
 30a:	8f7d                	and	a4,a4,a5
 30c:	e315                	bnez	a4,330 <__call_exitprocs+0xde>
 30e:	855a                	mv	a0,s6
 310:	9682                	jalr	a3
 312:	00492703          	lw	a4,4(s2)
 316:	9b01a783          	lw	a5,-1616(gp) # 10001b0 <__atexit>
 31a:	fb8701e3          	beq	a4,s8,2bc <__call_exitprocs+0x6a>
 31e:	d7cd                	beqz	a5,2c8 <__call_exitprocs+0x76>
 320:	893e                	mv	s2,a5
 322:	bf99                	j	278 <__call_exitprocs+0x26>
 324:	00892223          	sw	s0,4(s2)
 328:	bf95                	j	29c <__call_exitprocs+0x4a>
 32a:	843a                	mv	s0,a4
 32c:	14f1                	addi	s1,s1,-4
 32e:	bfb9                	j	28c <__call_exitprocs+0x3a>
 330:	852e                	mv	a0,a1
 332:	9682                	jalr	a3
 334:	bfb5                	j	2b0 <__call_exitprocs+0x5e>

00000336 <atexit>:
 336:	85aa                	mv	a1,a0
 338:	4681                	li	a3,0
 33a:	4601                	li	a2,0
 33c:	4501                	li	a0,0
 33e:	a80d                	j	370 <__register_exitproc>

00000340 <__libc_fini_array>:
 340:	1141                	addi	sp,sp,-16
 342:	c422                	sw	s0,8(sp)
 344:	00000793          	li	a5,0
 348:	00000413          	li	s0,0
 34c:	8f81                	sub	a5,a5,s0
 34e:	c226                	sw	s1,4(sp)
 350:	c606                	sw	ra,12(sp)
 352:	4027d493          	srai	s1,a5,0x2
 356:	c881                	beqz	s1,366 <__libc_fini_array+0x26>
 358:	1471                	addi	s0,s0,-4
 35a:	943e                	add	s0,s0,a5
 35c:	401c                	lw	a5,0(s0)
 35e:	14fd                	addi	s1,s1,-1
 360:	1471                	addi	s0,s0,-4
 362:	9782                	jalr	a5
 364:	fce5                	bnez	s1,35c <__libc_fini_array+0x1c>
 366:	40b2                	lw	ra,12(sp)
 368:	4422                	lw	s0,8(sp)
 36a:	4492                	lw	s1,4(sp)
 36c:	0141                	addi	sp,sp,16
 36e:	8082                	ret

00000370 <__register_exitproc>:
 370:	9b01a783          	lw	a5,-1616(gp) # 10001b0 <__atexit>
 374:	c3a1                	beqz	a5,3b4 <__register_exitproc+0x44>
 376:	43d8                	lw	a4,4(a5)
 378:	487d                	li	a6,31
 37a:	04e84f63          	blt	a6,a4,3d8 <__register_exitproc+0x68>
 37e:	00271813          	slli	a6,a4,0x2
 382:	c11d                	beqz	a0,3a8 <__register_exitproc+0x38>
 384:	01078333          	add	t1,a5,a6
 388:	08c32423          	sw	a2,136(t1) # 148 <memset+0x7e>
 38c:	1887a883          	lw	a7,392(a5)
 390:	4605                	li	a2,1
 392:	00e61633          	sll	a2,a2,a4
 396:	00c8e8b3          	or	a7,a7,a2
 39a:	1917a423          	sw	a7,392(a5)
 39e:	10d32423          	sw	a3,264(t1)
 3a2:	4689                	li	a3,2
 3a4:	00d50f63          	beq	a0,a3,3c2 <__register_exitproc+0x52>
 3a8:	0705                	addi	a4,a4,1 # 40001001 <__stack_top+0x3e801001>
 3aa:	c3d8                	sw	a4,4(a5)
 3ac:	97c2                	add	a5,a5,a6
 3ae:	c78c                	sw	a1,8(a5)
 3b0:	4501                	li	a0,0
 3b2:	8082                	ret
 3b4:	010007b7          	lui	a5,0x1000
 3b8:	01c78793          	addi	a5,a5,28 # 100001c <__atexit0>
 3bc:	9af1a823          	sw	a5,-1616(gp) # 10001b0 <__atexit>
 3c0:	bf5d                	j	376 <__register_exitproc+0x6>
 3c2:	18c7a683          	lw	a3,396(a5)
 3c6:	0705                	addi	a4,a4,1
 3c8:	c3d8                	sw	a4,4(a5)
 3ca:	8ed1                	or	a3,a3,a2
 3cc:	18d7a623          	sw	a3,396(a5)
 3d0:	97c2                	add	a5,a5,a6
 3d2:	c78c                	sw	a1,8(a5)
 3d4:	4501                	li	a0,0
 3d6:	8082                	ret
 3d8:	557d                	li	a0,-1
 3da:	8082                	ret

Disassembly of section .init_array:

000003dc <__frame_dummy_init_array_entry>:
 3dc:	00ae                	slli	ra,ra,0xb
 3de:	0000                	unimp
 3e0:	0244                	addi	s1,sp,260
	...

Disassembly of section .fini_array:

000003e4 <__do_global_dtors_aux_fini_array_entry>:
 3e4:	007e                	c.slli	zero,0x1f
	...

Disassembly of section .riscv.attributes:

00000000 <.riscv.attributes>:
   0:	3441                	jal	fffffa80 <__stack_top+0xfe7ffa80>
   2:	0000                	unimp
   4:	7200                	.insn	2, 0x7200
   6:	7369                	lui	t1,0xffffa
   8:	01007663          	bgeu	zero,a6,14 <_start_boot+0x14>
   c:	002a                	c.slli	zero,0xa
   e:	0000                	unimp
  10:	1004                	addi	s1,sp,32
  12:	7205                	lui	tp,0xfffe1
  14:	3376                	.insn	2, 0x3376
  16:	6932                	.insn	2, 0x6932
  18:	7032                	.insn	2, 0x7032
  1a:	5f31                	li	t5,-20
  1c:	30703263          	.insn	4, 0x30703263
  20:	7a5f 6369 7273      	.insn	6, 0x727363697a5f
  26:	7032                	.insn	2, 0x7032
  28:	5f30                	lw	a2,120(a4)
  2a:	637a                	.insn	2, 0x637a
  2c:	3161                	jal	fffffcb4 <__stack_top+0xfe7ffcb4>
  2e:	3070                	.insn	2, 0x3070
  30:	0800                	addi	s0,sp,16
  32:	0a01                	addi	s4,s4,0
  34:	0b                	.byte	0x0b

Disassembly of section .comment:

00000000 <.comment>:
   0:	3a434347          	.insn	4, 0x3a434347
   4:	2820                	.insn	2, 0x2820
   6:	31313567          	.insn	4, 0x31313567
   a:	6335                	lui	t1,0xd
   c:	34346537          	lui	a0,0x34346
  10:	20296637          	lui	a2,0x20296
  14:	3531                	jal	fffffe20 <__stack_top+0xfe7ffe20>
  16:	322e                	.insn	2, 0x322e
  18:	302e                	.insn	2, 0x302e
  1a:	4700                	lw	s0,8(a4)
  1c:	203a4343          	.insn	4, 0x203a4343
  20:	4728                	lw	a0,72(a4)
  22:	554e                	lw	a0,240(sp)
  24:	2029                	jal	2e <_start_boot+0x2e>
  26:	3531                	jal	fffffe32 <__stack_top+0xfe7ffe32>
  28:	322e                	.insn	2, 0x322e
  2a:	302e                	.insn	2, 0x302e
	...
