
build/pwm.elf:     file format elf32-littleriscv


Disassembly of section .text:

00000000 <_start_boot>:
   0:	02000117          	auipc	sp,0x2000
   4:	00010113          	mv	sp,sp
   8:	4e800293          	li	t0,1256
   c:	01000317          	auipc	t1,0x1000
  10:	ff430313          	addi	t1,t1,-12 # 1000000 <completed.1>
  14:	01000397          	auipc	t2,0x1000
  18:	fec38393          	addi	t2,t2,-20 # 1000000 <completed.1>
  1c:	00737963          	bgeu	t1,t2,2e <_start_boot+0x2e>
  20:	0002a403          	lw	s0,0(t0)
  24:	00832023          	sw	s0,0(t1)
  28:	0291                	addi	t0,t0,4
  2a:	0311                	addi	t1,t1,4
  2c:	bfc5                	j	1c <_start_boot+0x1c>
  2e:	a009                	j	30 <_start>

00000030 <_start>:
  30:	01000197          	auipc	gp,0x1000
  34:	7d018193          	addi	gp,gp,2000 # 1000800 <__global_pointer$>
  38:	00000513          	li	a0,0
  3c:	c119                	beqz	a0,42 <_start+0x12>
  3e:	01751073          	csrw	jvt,a0
  42:	01000517          	auipc	a0,0x1000
  46:	fbe50513          	addi	a0,a0,-66 # 1000000 <completed.1>
  4a:	01000617          	auipc	a2,0x1000
  4e:	16a60613          	addi	a2,a2,362 # 10001b4 <__bss_end>
  52:	8e09                	sub	a2,a2,a0
  54:	4581                	li	a1,0
  56:	2895                	jal	ca <memset>
  58:	00000517          	auipc	a0,0x0
  5c:	3dc50513          	addi	a0,a0,988 # 434 <atexit>
  60:	c511                	beqz	a0,6c <_start+0x3c>
  62:	00000517          	auipc	a0,0x0
  66:	3dc50513          	addi	a0,a0,988 # 43e <__libc_fini_array>
  6a:	26e9                	jal	434 <atexit>
  6c:	2cad                	jal	2e6 <__libc_init_array>
  6e:	4502                	lw	a0,0(sp)
  70:	004c                	addi	a1,sp,4
  72:	00251613          	slli	a2,a0,0x2
  76:	0611                	addi	a2,a2,4
  78:	962e                	add	a2,a2,a1
  7a:	28e5                	jal	172 <main>
  7c:	ac89                	j	2ce <exit>

0000007e <__do_global_dtors_aux>:
  7e:	1161                	addi	sp,sp,-8 # 1fffff8 <__heap_limit+0xff8>
  80:	c022                	sw	s0,0(sp)
  82:	01000437          	lui	s0,0x1000
  86:	00044783          	lbu	a5,0(s0) # 1000000 <completed.1>
  8a:	c206                	sw	ra,4(sp)
  8c:	ef89                	bnez	a5,a6 <__do_global_dtors_aux+0x28>
  8e:	00000793          	li	a5,0
  92:	c799                	beqz	a5,a0 <__do_global_dtors_aux+0x22>
  94:	4dc00513          	li	a0,1244
  98:	00000097          	auipc	ra,0x0
  9c:	000000e7          	jalr	zero # 0 <_start_boot>
  a0:	4785                	li	a5,1
  a2:	00f40023          	sb	a5,0(s0)
  a6:	4092                	lw	ra,4(sp)
  a8:	4402                	lw	s0,0(sp)
  aa:	0121                	addi	sp,sp,8
  ac:	8082                	ret

000000ae <frame_dummy>:
  ae:	00000793          	li	a5,0
  b2:	cb99                	beqz	a5,c8 <frame_dummy+0x1a>
  b4:	010005b7          	lui	a1,0x1000
  b8:	00458593          	addi	a1,a1,4 # 1000004 <object.0>
  bc:	4dc00513          	li	a0,1244
  c0:	00000317          	auipc	t1,0x0
  c4:	00000067          	jr	zero # 0 <_start_boot>
  c8:	8082                	ret

000000ca <memset>:
  ca:	433d                	li	t1,15
  cc:	872a                	mv	a4,a0
  ce:	02c37363          	bgeu	t1,a2,f4 <memset+0x2a>
  d2:	00f77793          	andi	a5,a4,15
  d6:	efbd                	bnez	a5,154 <memset+0x8a>
  d8:	e5ad                	bnez	a1,142 <memset+0x78>
  da:	ff067693          	andi	a3,a2,-16
  de:	8a3d                	andi	a2,a2,15
  e0:	96ba                	add	a3,a3,a4
  e2:	c30c                	sw	a1,0(a4)
  e4:	c34c                	sw	a1,4(a4)
  e6:	c70c                	sw	a1,8(a4)
  e8:	c74c                	sw	a1,12(a4)
  ea:	0741                	addi	a4,a4,16
  ec:	fed76be3          	bltu	a4,a3,e2 <memset+0x18>
  f0:	e211                	bnez	a2,f4 <memset+0x2a>
  f2:	8082                	ret
  f4:	40c306b3          	sub	a3,t1,a2
  f8:	068a                	slli	a3,a3,0x2
  fa:	00000297          	auipc	t0,0x0
  fe:	9696                	add	a3,a3,t0
 100:	00a68067          	jr	10(a3)
 104:	00b70723          	sb	a1,14(a4)
 108:	00b706a3          	sb	a1,13(a4)
 10c:	00b70623          	sb	a1,12(a4)
 110:	00b705a3          	sb	a1,11(a4)
 114:	00b70523          	sb	a1,10(a4)
 118:	00b704a3          	sb	a1,9(a4)
 11c:	00b70423          	sb	a1,8(a4)
 120:	00b703a3          	sb	a1,7(a4)
 124:	00b70323          	sb	a1,6(a4)
 128:	00b702a3          	sb	a1,5(a4)
 12c:	00b70223          	sb	a1,4(a4)
 130:	00b701a3          	sb	a1,3(a4)
 134:	00b70123          	sb	a1,2(a4)
 138:	00b700a3          	sb	a1,1(a4)
 13c:	00b70023          	sb	a1,0(a4)
 140:	8082                	ret
 142:	0ff5f593          	zext.b	a1,a1
 146:	00859693          	slli	a3,a1,0x8
 14a:	8dd5                	or	a1,a1,a3
 14c:	01059693          	slli	a3,a1,0x10
 150:	8dd5                	or	a1,a1,a3
 152:	b761                	j	da <memset+0x10>
 154:	00279693          	slli	a3,a5,0x2
 158:	00000297          	auipc	t0,0x0
 15c:	9696                	add	a3,a3,t0
 15e:	8286                	mv	t0,ra
 160:	fa8680e7          	jalr	-88(a3)
 164:	8096                	mv	ra,t0
 166:	17c1                	addi	a5,a5,-16
 168:	8f1d                	sub	a4,a4,a5
 16a:	963e                	add	a2,a2,a5
 16c:	f8c374e3          	bgeu	t1,a2,f4 <memset+0x2a>
 170:	b7a5                	j	d8 <memset+0xe>

00000172 <main>:
 172:	1151                	addi	sp,sp,-12
 174:	4501                	li	a0,0
 176:	c406                	sw	ra,8(sp)
 178:	c222                	sw	s0,4(sp)
 17a:	285d                	jal	230 <pwm_init>
 17c:	65c1                	lui	a1,0x10
 17e:	a0058593          	addi	a1,a1,-1536 # fa00 <__data_load_start+0xf518>
 182:	4501                	li	a0,0
 184:	20d5                	jal	268 <pwm_set_period>
 186:	4501                	li	a0,0
 188:	2205                	jal	2a8 <pwm_enable>
 18a:	4581                	li	a1,0
 18c:	4501                	li	a0,0
 18e:	28ed                	jal	288 <pwm_set_duty>
 190:	c002                	sw	zero,0(sp)
 192:	4702                	lw	a4,0(sp)
 194:	6785                	lui	a5,0x1
 196:	f9f78793          	addi	a5,a5,-97 # f9f <__data_load_start+0xab7>
 19a:	08e7c963          	blt	a5,a4,22c <main+0xba>
 19e:	40000693          	li	a3,1024
 1a2:	4401                	li	s0,0
 1a4:	6705                	lui	a4,0x1
 1a6:	f9f70713          	addi	a4,a4,-97 # f9f <__data_load_start+0xab7>
 1aa:	4782                	lw	a5,0(sp)
 1ac:	0785                	addi	a5,a5,1
 1ae:	c03e                	sw	a5,0(sp)
 1b0:	4782                	lw	a5,0(sp)
 1b2:	fef75ce3          	bge	a4,a5,1aa <main+0x38>
 1b6:	02d05a63          	blez	a3,1ea <main+0x78>
 1ba:	67c1                	lui	a5,0x10
 1bc:	40040413          	addi	s0,s0,1024
 1c0:	9ff78793          	addi	a5,a5,-1537 # f9ff <__data_load_start+0xf517>
 1c4:	0487f763          	bgeu	a5,s0,212 <main+0xa0>
 1c8:	65c1                	lui	a1,0x10
 1ca:	a0058593          	addi	a1,a1,-1536 # fa00 <__data_load_start+0xf518>
 1ce:	4501                	li	a0,0
 1d0:	2865                	jal	288 <pwm_set_duty>
 1d2:	c002                	sw	zero,0(sp)
 1d4:	4702                	lw	a4,0(sp)
 1d6:	6785                	lui	a5,0x1
 1d8:	6441                	lui	s0,0x10
 1da:	f9f78793          	addi	a5,a5,-97 # f9f <__data_load_start+0xab7>
 1de:	a0040413          	addi	s0,s0,-1536 # fa00 <__data_load_start+0xf518>
 1e2:	c0000693          	li	a3,-1024
 1e6:	fae7dfe3          	bge	a5,a4,1a4 <main+0x32>
 1ea:	3ff00793          	li	a5,1023
 1ee:	f887fee3          	bgeu	a5,s0,18a <main+0x18>
 1f2:	c0040413          	addi	s0,s0,-1024
 1f6:	4501                	li	a0,0
 1f8:	85a2                	mv	a1,s0
 1fa:	d841                	beqz	s0,18a <main+0x18>
 1fc:	2071                	jal	288 <pwm_set_duty>
 1fe:	c002                	sw	zero,0(sp)
 200:	4702                	lw	a4,0(sp)
 202:	6785                	lui	a5,0x1
 204:	f9f78793          	addi	a5,a5,-97 # f9f <__data_load_start+0xab7>
 208:	c0000693          	li	a3,-1024
 20c:	f8e7dce3          	bge	a5,a4,1a4 <main+0x32>
 210:	bfe9                	j	1ea <main+0x78>
 212:	85a2                	mv	a1,s0
 214:	4501                	li	a0,0
 216:	288d                	jal	288 <pwm_set_duty>
 218:	c002                	sw	zero,0(sp)
 21a:	4702                	lw	a4,0(sp)
 21c:	6785                	lui	a5,0x1
 21e:	f9f78793          	addi	a5,a5,-97 # f9f <__data_load_start+0xab7>
 222:	40000693          	li	a3,1024
 226:	f6e7dfe3          	bge	a5,a4,1a4 <main+0x32>
 22a:	bf41                	j	1ba <main+0x48>
 22c:	4401                	li	s0,0
 22e:	b771                	j	1ba <main+0x48>

00000230 <pwm_init>:
 230:	4785                	li	a5,1
 232:	02a7e963          	bltu	a5,a0,264 <pwm_init+0x34>
 236:	040007b7          	lui	a5,0x4000
 23a:	30078793          	addi	a5,a5,768 # 4000300 <__stack_top+0x2000300>
 23e:	97aa                	add	a5,a5,a0
 240:	0792                	slli	a5,a5,0x4
 242:	40003737          	lui	a4,0x40003
 246:	0007a023          	sw	zero,0(a5)
 24a:	0512                	slli	a0,a0,0x4
 24c:	0711                	addi	a4,a4,4 # 40003004 <__stack_top+0x3e003004>
 24e:	400037b7          	lui	a5,0x40003
 252:	972a                	add	a4,a4,a0
 254:	07a1                	addi	a5,a5,8 # 40003008 <__stack_top+0x3e003008>
 256:	953e                	add	a0,a0,a5
 258:	00072023          	sw	zero,0(a4)
 25c:	00052023          	sw	zero,0(a0)
 260:	4501                	li	a0,0
 262:	8082                	ret
 264:	557d                	li	a0,-1
 266:	8082                	ret

00000268 <pwm_set_period>:
 268:	67c1                	lui	a5,0x10
 26a:	00f5fd63          	bgeu	a1,a5,284 <pwm_set_period+0x1c>
 26e:	00253793          	sltiu	a5,a0,2
 272:	cb89                	beqz	a5,284 <pwm_set_period+0x1c>
 274:	400037b7          	lui	a5,0x40003
 278:	0791                	addi	a5,a5,4 # 40003004 <__stack_top+0x3e003004>
 27a:	0512                	slli	a0,a0,0x4
 27c:	953e                	add	a0,a0,a5
 27e:	c10c                	sw	a1,0(a0)
 280:	4501                	li	a0,0
 282:	8082                	ret
 284:	557d                	li	a0,-1
 286:	8082                	ret

00000288 <pwm_set_duty>:
 288:	67c1                	lui	a5,0x10
 28a:	00f5fd63          	bgeu	a1,a5,2a4 <pwm_set_duty+0x1c>
 28e:	00253793          	sltiu	a5,a0,2
 292:	cb89                	beqz	a5,2a4 <pwm_set_duty+0x1c>
 294:	400037b7          	lui	a5,0x40003
 298:	07a1                	addi	a5,a5,8 # 40003008 <__stack_top+0x3e003008>
 29a:	0512                	slli	a0,a0,0x4
 29c:	953e                	add	a0,a0,a5
 29e:	c10c                	sw	a1,0(a0)
 2a0:	4501                	li	a0,0
 2a2:	8082                	ret
 2a4:	557d                	li	a0,-1
 2a6:	8082                	ret

000002a8 <pwm_enable>:
 2a8:	4785                	li	a5,1
 2aa:	00a7ef63          	bltu	a5,a0,2c8 <pwm_enable+0x20>
 2ae:	040007b7          	lui	a5,0x4000
 2b2:	30078793          	addi	a5,a5,768 # 4000300 <__stack_top+0x2000300>
 2b6:	953e                	add	a0,a0,a5
 2b8:	00451793          	slli	a5,a0,0x4
 2bc:	4398                	lw	a4,0(a5)
 2be:	4501                	li	a0,0
 2c0:	00176713          	ori	a4,a4,1
 2c4:	c398                	sw	a4,0(a5)
 2c6:	8082                	ret
 2c8:	557d                	li	a0,-1
 2ca:	8082                	ret

000002cc <_exit>:
 2cc:	a001                	j	2cc <_exit>

000002ce <exit>:
 2ce:	1161                	addi	sp,sp,-8
 2d0:	4581                	li	a1,0
 2d2:	c022                	sw	s0,0(sp)
 2d4:	c206                	sw	ra,4(sp)
 2d6:	842a                	mv	s0,a0
 2d8:	28bd                	jal	356 <__call_exitprocs>
 2da:	9ac1a783          	lw	a5,-1620(gp) # 10001ac <__stdio_exit_handler>
 2de:	c391                	beqz	a5,2e2 <exit+0x14>
 2e0:	9782                	jalr	a5
 2e2:	8522                	mv	a0,s0
 2e4:	37e5                	jal	2cc <_exit>

000002e6 <__libc_init_array>:
 2e6:	1141                	addi	sp,sp,-16
 2e8:	c422                	sw	s0,8(sp)
 2ea:	c226                	sw	s1,4(sp)
 2ec:	c606                	sw	ra,12(sp)
 2ee:	00000413          	li	s0,0
 2f2:	00000493          	li	s1,0
 2f6:	02940063          	beq	s0,s1,316 <__libc_init_array+0x30>
 2fa:	8c05                	sub	s0,s0,s1
 2fc:	40245793          	srai	a5,s0,0x2
 300:	c03e                	sw	a5,0(sp)
 302:	4401                	li	s0,0
 304:	00241713          	slli	a4,s0,0x2
 308:	9726                	add	a4,a4,s1
 30a:	4318                	lw	a4,0(a4)
 30c:	0405                	addi	s0,s0,1
 30e:	9702                	jalr	a4
 310:	4782                	lw	a5,0(sp)
 312:	fef469e3          	bltu	s0,a5,304 <__libc_init_array+0x1e>
 316:	00000413          	li	s0,0
 31a:	00000493          	li	s1,0
 31e:	02940063          	beq	s0,s1,33e <__libc_init_array+0x58>
 322:	8c05                	sub	s0,s0,s1
 324:	40245793          	srai	a5,s0,0x2
 328:	c03e                	sw	a5,0(sp)
 32a:	4401                	li	s0,0
 32c:	00241713          	slli	a4,s0,0x2
 330:	9726                	add	a4,a4,s1
 332:	4318                	lw	a4,0(a4)
 334:	0405                	addi	s0,s0,1
 336:	9702                	jalr	a4
 338:	4782                	lw	a5,0(sp)
 33a:	fef469e3          	bltu	s0,a5,32c <__libc_init_array+0x46>
 33e:	40b2                	lw	ra,12(sp)
 340:	4422                	lw	s0,8(sp)
 342:	4492                	lw	s1,4(sp)
 344:	0141                	addi	sp,sp,16
 346:	8082                	ret

00000348 <register_fini>:
 348:	00000793          	li	a5,0
 34c:	c781                	beqz	a5,354 <register_fini+0xc>
 34e:	43e00513          	li	a0,1086
 352:	a0cd                	j	434 <atexit>
 354:	8082                	ret

00000356 <__call_exitprocs>:
 356:	1111                	addi	sp,sp,-28
 358:	c826                	sw	s1,16(sp)
 35a:	9b01a483          	lw	s1,-1616(gp) # 10001b0 <__atexit>
 35e:	cc06                	sw	ra,24(sp)
 360:	c62a                	sw	a0,12(sp)
 362:	c0b5                	beqz	s1,3c6 <__call_exitprocs+0x70>
 364:	ca22                	sw	s0,20(sp)
 366:	842e                	mv	s0,a1
 368:	40d8                	lw	a4,4(s1)
 36a:	fff70793          	addi	a5,a4,-1
 36e:	0407cb63          	bltz	a5,3c4 <__call_exitprocs+0x6e>
 372:	070a                	slli	a4,a4,0x2
 374:	9726                	add	a4,a4,s1
 376:	e441                	bnez	s0,3fe <__call_exitprocs+0xa8>
 378:	40d0                	lw	a2,4(s1)
 37a:	00472303          	lw	t1,4(a4)
 37e:	167d                	addi	a2,a2,-1
 380:	06f60d63          	beq	a2,a5,3fa <__call_exitprocs+0xa4>
 384:	00072223          	sw	zero,4(a4)
 388:	02030963          	beqz	t1,3ba <__call_exitprocs+0x64>
 38c:	1884a583          	lw	a1,392(s1)
 390:	4605                	li	a2,1
 392:	00f61633          	sll	a2,a2,a5
 396:	8df1                	and	a1,a1,a2
 398:	0044a383          	lw	t2,4(s1)
 39c:	e98d                	bnez	a1,3ce <__call_exitprocs+0x78>
 39e:	c43e                	sw	a5,8(sp)
 3a0:	c21e                	sw	t2,4(sp)
 3a2:	c03a                	sw	a4,0(sp)
 3a4:	9302                	jalr	t1
 3a6:	4702                	lw	a4,0(sp)
 3a8:	4392                	lw	t2,4(sp)
 3aa:	47a2                	lw	a5,8(sp)
 3ac:	40cc                	lw	a1,4(s1)
 3ae:	9b01a603          	lw	a2,-1616(gp) # 10001b0 <__atexit>
 3b2:	04759163          	bne	a1,t2,3f4 <__call_exitprocs+0x9e>
 3b6:	02961f63          	bne	a2,s1,3f4 <__call_exitprocs+0x9e>
 3ba:	17fd                	addi	a5,a5,-1
 3bc:	567d                	li	a2,-1
 3be:	1771                	addi	a4,a4,-4
 3c0:	fac79be3          	bne	a5,a2,376 <__call_exitprocs+0x20>
 3c4:	4452                	lw	s0,20(sp)
 3c6:	40e2                	lw	ra,24(sp)
 3c8:	44c2                	lw	s1,16(sp)
 3ca:	0171                	addi	sp,sp,28
 3cc:	8082                	ret
 3ce:	18c4a503          	lw	a0,396(s1)
 3d2:	c43e                	sw	a5,8(sp)
 3d4:	c21e                	sw	t2,4(sp)
 3d6:	8e69                	and	a2,a2,a0
 3d8:	c03a                	sw	a4,0(sp)
 3da:	08472583          	lw	a1,132(a4)
 3de:	e629                	bnez	a2,428 <__call_exitprocs+0xd2>
 3e0:	4532                	lw	a0,12(sp)
 3e2:	9302                	jalr	t1
 3e4:	4392                	lw	t2,4(sp)
 3e6:	40cc                	lw	a1,4(s1)
 3e8:	4702                	lw	a4,0(sp)
 3ea:	47a2                	lw	a5,8(sp)
 3ec:	9b01a603          	lw	a2,-1616(gp) # 10001b0 <__atexit>
 3f0:	fc7583e3          	beq	a1,t2,3b6 <__call_exitprocs+0x60>
 3f4:	da61                	beqz	a2,3c4 <__call_exitprocs+0x6e>
 3f6:	84b2                	mv	s1,a2
 3f8:	bf85                	j	368 <__call_exitprocs+0x12>
 3fa:	c0dc                	sw	a5,4(s1)
 3fc:	b771                	j	388 <__call_exitprocs+0x32>
 3fe:	557d                	li	a0,-1
 400:	10472603          	lw	a2,260(a4)
 404:	fff78593          	addi	a1,a5,-1
 408:	f6c408e3          	beq	s0,a2,378 <__call_exitprocs+0x22>
 40c:	17f9                	addi	a5,a5,-2
 40e:	faa58be3          	beq	a1,a0,3c4 <__call_exitprocs+0x6e>
 412:	10072603          	lw	a2,256(a4)
 416:	00860663          	beq	a2,s0,422 <__call_exitprocs+0xcc>
 41a:	1761                	addi	a4,a4,-8
 41c:	fea792e3          	bne	a5,a0,400 <__call_exitprocs+0xaa>
 420:	b755                	j	3c4 <__call_exitprocs+0x6e>
 422:	87ae                	mv	a5,a1
 424:	1771                	addi	a4,a4,-4
 426:	bf89                	j	378 <__call_exitprocs+0x22>
 428:	852e                	mv	a0,a1
 42a:	9302                	jalr	t1
 42c:	47a2                	lw	a5,8(sp)
 42e:	4392                	lw	t2,4(sp)
 430:	4702                	lw	a4,0(sp)
 432:	bfad                	j	3ac <__call_exitprocs+0x56>

00000434 <atexit>:
 434:	85aa                	mv	a1,a0
 436:	4681                	li	a3,0
 438:	4601                	li	a2,0
 43a:	4501                	li	a0,0
 43c:	a80d                	j	46e <__register_exitproc>

0000043e <__libc_fini_array>:
 43e:	1151                	addi	sp,sp,-12
 440:	c222                	sw	s0,4(sp)
 442:	00000793          	li	a5,0
 446:	00000413          	li	s0,0
 44a:	8f81                	sub	a5,a5,s0
 44c:	c026                	sw	s1,0(sp)
 44e:	c406                	sw	ra,8(sp)
 450:	4027d493          	srai	s1,a5,0x2
 454:	c881                	beqz	s1,464 <__libc_fini_array+0x26>
 456:	1471                	addi	s0,s0,-4
 458:	943e                	add	s0,s0,a5
 45a:	401c                	lw	a5,0(s0)
 45c:	14fd                	addi	s1,s1,-1
 45e:	1471                	addi	s0,s0,-4
 460:	9782                	jalr	a5
 462:	fce5                	bnez	s1,45a <__libc_fini_array+0x1c>
 464:	40a2                	lw	ra,8(sp)
 466:	4412                	lw	s0,4(sp)
 468:	4482                	lw	s1,0(sp)
 46a:	0131                	addi	sp,sp,12
 46c:	8082                	ret

0000046e <__register_exitproc>:
 46e:	9b01a783          	lw	a5,-1616(gp) # 10001b0 <__atexit>
 472:	c3a1                	beqz	a5,4b2 <__register_exitproc+0x44>
 474:	43d8                	lw	a4,4(a5)
 476:	437d                	li	t1,31
 478:	04e34f63          	blt	t1,a4,4d6 <__register_exitproc+0x68>
 47c:	00271313          	slli	t1,a4,0x2
 480:	c11d                	beqz	a0,4a6 <__register_exitproc+0x38>
 482:	006783b3          	add	t2,a5,t1
 486:	08c3a423          	sw	a2,136(t2)
 48a:	1887a283          	lw	t0,392(a5)
 48e:	4605                	li	a2,1
 490:	00e61633          	sll	a2,a2,a4
 494:	00c2e2b3          	or	t0,t0,a2
 498:	1857a423          	sw	t0,392(a5)
 49c:	10d3a423          	sw	a3,264(t2)
 4a0:	4689                	li	a3,2
 4a2:	00d50f63          	beq	a0,a3,4c0 <__register_exitproc+0x52>
 4a6:	0705                	addi	a4,a4,1
 4a8:	c3d8                	sw	a4,4(a5)
 4aa:	979a                	add	a5,a5,t1
 4ac:	c78c                	sw	a1,8(a5)
 4ae:	4501                	li	a0,0
 4b0:	8082                	ret
 4b2:	010007b7          	lui	a5,0x1000
 4b6:	01c78793          	addi	a5,a5,28 # 100001c <__atexit0>
 4ba:	9af1a823          	sw	a5,-1616(gp) # 10001b0 <__atexit>
 4be:	bf5d                	j	474 <__register_exitproc+0x6>
 4c0:	18c7a683          	lw	a3,396(a5)
 4c4:	0705                	addi	a4,a4,1
 4c6:	c3d8                	sw	a4,4(a5)
 4c8:	8ed1                	or	a3,a3,a2
 4ca:	18d7a623          	sw	a3,396(a5)
 4ce:	979a                	add	a5,a5,t1
 4d0:	c78c                	sw	a1,8(a5)
 4d2:	4501                	li	a0,0
 4d4:	8082                	ret
 4d6:	557d                	li	a0,-1
 4d8:	8082                	ret

Disassembly of section .init_array:

000004dc <__frame_dummy_init_array_entry>:
 4dc:	00ae                	slli	ra,ra,0xb
 4de:	0000                	unimp
 4e0:	0348                	addi	a0,sp,388
	...

Disassembly of section .fini_array:

000004e4 <__do_global_dtors_aux_fini_array_entry>:
 4e4:	007e                	c.slli	zero,0x1f
	...

Disassembly of section .riscv.attributes:

00000000 <.riscv.attributes>:
   0:	3441                	jal	fffffa80 <__stack_top+0xfdfffa80>
   2:	0000                	unimp
   4:	7200                	.insn	2, 0x7200
   6:	7369                	lui	t1,0xffffa
   8:	01007663          	bgeu	zero,a6,14 <_start_boot+0x14>
   c:	002a                	c.slli	zero,0xa
   e:	0000                	unimp
  10:	0404                	addi	s1,sp,512
  12:	7205                	lui	tp,0xfffe1
  14:	3376                	.insn	2, 0x3376
  16:	6532                	.insn	2, 0x6532
  18:	7032                	.insn	2, 0x7032
  1a:	5f30                	lw	a2,120(a4)
  1c:	30703263          	.insn	4, 0x30703263
  20:	7a5f 6369 7273      	.insn	6, 0x727363697a5f
  26:	7032                	.insn	2, 0x7032
  28:	5f30                	lw	a2,120(a4)
  2a:	637a                	.insn	2, 0x637a
  2c:	3161                	jal	fffffcb4 <__stack_top+0xfdfffcb4>
  2e:	3070                	.insn	2, 0x3070
  30:	0800                	addi	s0,sp,16
  32:	0a01                	addi	s4,s4,0
  34:	0b                	.byte	0x0b

Disassembly of section .comment:

00000000 <.comment>:
   0:	3a434347          	.insn	4, 0x3a434347
   4:	2820                	.insn	2, 0x2820
   6:	31313567          	.insn	4, 0x31313567
   a:	6335                	lui	t1,0xd
   c:	34346537          	lui	a0,0x34346
  10:	20296637          	lui	a2,0x20296
  14:	3531                	jal	fffffe20 <__stack_top+0xfdfffe20>
  16:	322e                	.insn	2, 0x322e
  18:	302e                	.insn	2, 0x302e
  1a:	4700                	lw	s0,8(a4)
  1c:	203a4343          	.insn	4, 0x203a4343
  20:	4728                	lw	a0,72(a4)
  22:	554e                	lw	a0,240(sp)
  24:	2029                	jal	2e <_start_boot+0x2e>
  26:	3531                	jal	fffffe32 <__stack_top+0xfdfffe32>
  28:	322e                	.insn	2, 0x322e
  2a:	302e                	.insn	2, 0x302e
	...
